[2017-03-25 20:46:39,086] 0    [main] INFO  org.springframework.context.support.ClassPathXmlApplicationContext  - Refreshing org.springframework.context.support.ClassPathXmlApplicationContext@16532d6: startup date [Sat Mar 25 20:46:39 CST 2017]; root of context hierarchy 
[2017-03-25 20:46:39,133] 47   [main] INFO  org.springframework.beans.factory.xml.XmlBeanDefinitionReader  - Loading XML bean definitions from class path resource [spring-mybatis.xml] 
[2017-03-25 20:46:39,648] 562  [main] INFO  org.springframework.beans.factory.xml.XmlBeanDefinitionReader  - Loading XML bean definitions from class path resource [spring.xml] 
[2017-03-25 20:46:39,851] 765  [main] INFO  org.springframework.beans.factory.xml.XmlBeanDefinitionReader  - Loading XML bean definitions from class path resource [spring-mvc.xml] 
[2017-03-25 20:46:40,211] 1125 [main] WARN  org.mybatis.spring.mapper.ClassPathMapperScanner  - Skipping MapperFactoryBean with name 'handleLogMapper' and 'com.blossom.site.log.mapper.HandleLogMapper' mapperInterface. Bean already defined with the same name! 
[2017-03-25 20:46:40,211] 1125 [main] WARN  org.mybatis.spring.mapper.ClassPathMapperScanner  - Skipping MapperFactoryBean with name 'systemLogMapper' and 'com.blossom.site.log.mapper.SystemLogMapper' mapperInterface. Bean already defined with the same name! 
[2017-03-25 20:46:40,211] 1125 [main] WARN  org.mybatis.spring.mapper.ClassPathMapperScanner  - Skipping MapperFactoryBean with name 'visitLogMapper' and 'com.blossom.site.log.mapper.VisitLogMapper' mapperInterface. Bean already defined with the same name! 
[2017-03-25 20:46:40,226] 1140 [main] INFO  org.springframework.context.support.PropertySourcesPlaceholderConfigurer  - Loading properties file from class path resource [application.properties] 
[2017-03-25 20:46:40,258] 1172 [main] INFO  org.springframework.context.support.PropertySourcesPlaceholderConfigurer  - Loading properties file from class path resource [application.properties] 
[2017-03-25 20:46:40,258] 1172 [main] INFO  org.springframework.context.support.PropertySourcesPlaceholderConfigurer  - Loading properties file from class path resource [application.properties] 
[2017-03-25 20:46:41,351] 2265 [main] INFO  com.alibaba.druid.pool.DruidDataSource  - {dataSource-1} inited 
[2017-03-25 20:46:43,648] 4562 [main] INFO  org.springframework.web.servlet.mvc.method.annotation.RequestMappingHandlerMapping  - Mapped "{[/handleLog/list],methods=[],params=[],headers=[],consumes=[],produces=[],custom=[]}" onto public net.sf.json.JSONObject com.blossom.site.log.controller.HandleLogController.listHandleLog(javax.servlet.http.HttpServletResponse,javax.servlet.http.HttpServletRequest) 
[2017-03-25 20:46:43,648] 4562 [main] INFO  org.springframework.web.servlet.mvc.method.annotation.RequestMappingHandlerMapping  - Mapped "{[/systemLog/list],methods=[],params=[],headers=[],consumes=[],produces=[],custom=[]}" onto public net.sf.json.JSONObject com.blossom.site.log.controller.SystemLogController.listSystemLog(javax.servlet.http.HttpServletRequest,javax.servlet.http.HttpServletResponse) 
[2017-03-25 20:46:43,648] 4562 [main] INFO  org.springframework.web.servlet.mvc.method.annotation.RequestMappingHandlerMapping  - Mapped "{[/visitLog/list],methods=[],params=[],headers=[],consumes=[],produces=[],custom=[]}" onto public net.sf.json.JSONObject com.blossom.site.log.controller.VisitLogController.listVisitLog(javax.servlet.http.HttpServletRequest,javax.servlet.http.HttpServletResponse) 
[2017-03-25 20:46:43,742] 4656 [main] INFO  org.hibernate.validator.internal.util.Version  - HV000001: Hibernate Validator 5.1.1.Final 
[2017-03-25 20:46:44,820] 5734 [main] INFO  org.springframework.web.servlet.mvc.annotation.DefaultAnnotationHandlerMapping  - Mapped URL path [/handleLog/list] onto handler 'handleLogController' 
[2017-03-25 20:46:44,820] 5734 [main] INFO  org.springframework.web.servlet.mvc.annotation.DefaultAnnotationHandlerMapping  - Mapped URL path [/handleLog/list.*] onto handler 'handleLogController' 
[2017-03-25 20:46:44,820] 5734 [main] INFO  org.springframework.web.servlet.mvc.annotation.DefaultAnnotationHandlerMapping  - Mapped URL path [/handleLog/list/] onto handler 'handleLogController' 
[2017-03-25 20:46:44,867] 5781 [main] INFO  org.springframework.web.servlet.mvc.annotation.DefaultAnnotationHandlerMapping  - Mapped URL path [/systemLog/list] onto handler 'systemLogController' 
[2017-03-25 20:46:44,867] 5781 [main] INFO  org.springframework.web.servlet.mvc.annotation.DefaultAnnotationHandlerMapping  - Mapped URL path [/systemLog/list.*] onto handler 'systemLogController' 
[2017-03-25 20:46:44,867] 5781 [main] INFO  org.springframework.web.servlet.mvc.annotation.DefaultAnnotationHandlerMapping  - Mapped URL path [/systemLog/list/] onto handler 'systemLogController' 
[2017-03-25 20:46:44,914] 5828 [main] INFO  org.springframework.web.servlet.mvc.annotation.DefaultAnnotationHandlerMapping  - Mapped URL path [/visitLog/list] onto handler 'visitLogController' 
[2017-03-25 20:46:44,914] 5828 [main] INFO  org.springframework.web.servlet.mvc.annotation.DefaultAnnotationHandlerMapping  - Mapped URL path [/visitLog/list.*] onto handler 'visitLogController' 
[2017-03-25 20:46:44,914] 5828 [main] INFO  org.springframework.web.servlet.mvc.annotation.DefaultAnnotationHandlerMapping  - Mapped URL path [/visitLog/list/] onto handler 'visitLogController' 
[2017-03-25 20:48:45,487] 0    [main] INFO  org.springframework.context.support.ClassPathXmlApplicationContext  - Refreshing org.springframework.context.support.ClassPathXmlApplicationContext@16532d6: startup date [Sat Mar 25 20:48:45 CST 2017]; root of context hierarchy 
[2017-03-25 20:48:45,549] 62   [main] INFO  org.springframework.beans.factory.xml.XmlBeanDefinitionReader  - Loading XML bean definitions from class path resource [spring-mybatis.xml] 
[2017-03-25 20:48:46,081] 594  [main] INFO  org.springframework.beans.factory.xml.XmlBeanDefinitionReader  - Loading XML bean definitions from class path resource [spring.xml] 
[2017-03-25 20:48:46,299] 812  [main] INFO  org.springframework.beans.factory.xml.XmlBeanDefinitionReader  - Loading XML bean definitions from class path resource [spring-mvc.xml] 
[2017-03-25 20:48:46,674] 1187 [main] WARN  org.mybatis.spring.mapper.ClassPathMapperScanner  - Skipping MapperFactoryBean with name 'handleLogMapper' and 'com.blossom.site.log.mapper.HandleLogMapper' mapperInterface. Bean already defined with the same name! 
[2017-03-25 20:48:46,674] 1187 [main] WARN  org.mybatis.spring.mapper.ClassPathMapperScanner  - Skipping MapperFactoryBean with name 'systemLogMapper' and 'com.blossom.site.log.mapper.SystemLogMapper' mapperInterface. Bean already defined with the same name! 
[2017-03-25 20:48:46,674] 1187 [main] WARN  org.mybatis.spring.mapper.ClassPathMapperScanner  - Skipping MapperFactoryBean with name 'visitLogMapper' and 'com.blossom.site.log.mapper.VisitLogMapper' mapperInterface. Bean already defined with the same name! 
[2017-03-25 20:48:46,690] 1203 [main] INFO  org.springframework.context.support.PropertySourcesPlaceholderConfigurer  - Loading properties file from class path resource [application.properties] 
[2017-03-25 20:48:46,706] 1219 [main] INFO  org.springframework.context.support.PropertySourcesPlaceholderConfigurer  - Loading properties file from class path resource [application.properties] 
[2017-03-25 20:48:46,706] 1219 [main] INFO  org.springframework.context.support.PropertySourcesPlaceholderConfigurer  - Loading properties file from class path resource [application.properties] 
[2017-03-25 20:48:47,409] 1922 [main] INFO  com.alibaba.druid.pool.DruidDataSource  - {dataSource-1} inited 
[2017-03-25 20:48:48,971] 3484 [main] INFO  org.springframework.web.servlet.mvc.method.annotation.RequestMappingHandlerMapping  - Mapped "{[/handleLog/list],methods=[],params=[],headers=[],consumes=[],produces=[],custom=[]}" onto public net.sf.json.JSONObject com.blossom.site.log.controller.HandleLogController.listHandleLog(javax.servlet.http.HttpServletResponse,javax.servlet.http.HttpServletRequest) 
[2017-03-25 20:48:48,971] 3484 [main] INFO  org.springframework.web.servlet.mvc.method.annotation.RequestMappingHandlerMapping  - Mapped "{[/systemLog/list],methods=[],params=[],headers=[],consumes=[],produces=[],custom=[]}" onto public net.sf.json.JSONObject com.blossom.site.log.controller.SystemLogController.listSystemLog(javax.servlet.http.HttpServletRequest,javax.servlet.http.HttpServletResponse) 
[2017-03-25 20:48:48,971] 3484 [main] INFO  org.springframework.web.servlet.mvc.method.annotation.RequestMappingHandlerMapping  - Mapped "{[/visitLog/list],methods=[],params=[],headers=[],consumes=[],produces=[],custom=[]}" onto public net.sf.json.JSONObject com.blossom.site.log.controller.VisitLogController.listVisitLog(javax.servlet.http.HttpServletRequest,javax.servlet.http.HttpServletResponse) 
[2017-03-25 20:48:49,034] 3547 [main] INFO  org.hibernate.validator.internal.util.Version  - HV000001: Hibernate Validator 5.1.1.Final 
[2017-03-25 20:48:49,737] 4250 [main] INFO  org.springframework.web.servlet.mvc.annotation.DefaultAnnotationHandlerMapping  - Mapped URL path [/handleLog/list] onto handler 'handleLogController' 
[2017-03-25 20:48:49,737] 4250 [main] INFO  org.springframework.web.servlet.mvc.annotation.DefaultAnnotationHandlerMapping  - Mapped URL path [/handleLog/list.*] onto handler 'handleLogController' 
[2017-03-25 20:48:49,737] 4250 [main] INFO  org.springframework.web.servlet.mvc.annotation.DefaultAnnotationHandlerMapping  - Mapped URL path [/handleLog/list/] onto handler 'handleLogController' 
[2017-03-25 20:48:49,784] 4297 [main] INFO  org.springframework.web.servlet.mvc.annotation.DefaultAnnotationHandlerMapping  - Mapped URL path [/systemLog/list] onto handler 'systemLogController' 
[2017-03-25 20:48:49,784] 4297 [main] INFO  org.springframework.web.servlet.mvc.annotation.DefaultAnnotationHandlerMapping  - Mapped URL path [/systemLog/list.*] onto handler 'systemLogController' 
[2017-03-25 20:48:49,784] 4297 [main] INFO  org.springframework.web.servlet.mvc.annotation.DefaultAnnotationHandlerMapping  - Mapped URL path [/systemLog/list/] onto handler 'systemLogController' 
[2017-03-25 20:48:49,831] 4344 [main] INFO  org.springframework.web.servlet.mvc.annotation.DefaultAnnotationHandlerMapping  - Mapped URL path [/visitLog/list] onto handler 'visitLogController' 
[2017-03-25 20:48:49,831] 4344 [main] INFO  org.springframework.web.servlet.mvc.annotation.DefaultAnnotationHandlerMapping  - Mapped URL path [/visitLog/list.*] onto handler 'visitLogController' 
[2017-03-25 20:48:49,831] 4344 [main] INFO  org.springframework.web.servlet.mvc.annotation.DefaultAnnotationHandlerMapping  - Mapped URL path [/visitLog/list/] onto handler 'visitLogController' 
[2017-03-25 20:52:40,981] 0    [main] INFO  org.springframework.context.support.ClassPathXmlApplicationContext  - Refreshing org.springframework.context.support.ClassPathXmlApplicationContext@16532d6: startup date [Sat Mar 25 20:52:40 CST 2017]; root of context hierarchy 
[2017-03-25 20:52:41,028] 47   [main] INFO  org.springframework.beans.factory.xml.XmlBeanDefinitionReader  - Loading XML bean definitions from class path resource [spring-mybatis.xml] 
[2017-03-25 20:52:41,606] 625  [main] INFO  org.springframework.beans.factory.xml.XmlBeanDefinitionReader  - Loading XML bean definitions from class path resource [spring.xml] 
[2017-03-25 20:52:41,794] 813  [main] INFO  org.springframework.beans.factory.xml.XmlBeanDefinitionReader  - Loading XML bean definitions from class path resource [spring-mvc.xml] 
[2017-03-25 20:52:42,169] 1188 [main] WARN  org.mybatis.spring.mapper.ClassPathMapperScanner  - Skipping MapperFactoryBean with name 'handleLogMapper' and 'com.blossom.site.log.mapper.HandleLogMapper' mapperInterface. Bean already defined with the same name! 
[2017-03-25 20:52:42,169] 1188 [main] WARN  org.mybatis.spring.mapper.ClassPathMapperScanner  - Skipping MapperFactoryBean with name 'systemLogMapper' and 'com.blossom.site.log.mapper.SystemLogMapper' mapperInterface. Bean already defined with the same name! 
[2017-03-25 20:52:42,169] 1188 [main] WARN  org.mybatis.spring.mapper.ClassPathMapperScanner  - Skipping MapperFactoryBean with name 'visitLogMapper' and 'com.blossom.site.log.mapper.VisitLogMapper' mapperInterface. Bean already defined with the same name! 
[2017-03-25 20:52:42,185] 1204 [main] INFO  org.springframework.context.support.PropertySourcesPlaceholderConfigurer  - Loading properties file from class path resource [application.properties] 
[2017-03-25 20:52:42,185] 1204 [main] INFO  org.springframework.context.support.PropertySourcesPlaceholderConfigurer  - Loading properties file from class path resource [application.properties] 
[2017-03-25 20:52:42,185] 1204 [main] INFO  org.springframework.context.support.PropertySourcesPlaceholderConfigurer  - Loading properties file from class path resource [application.properties] 
[2017-03-25 20:52:42,903] 1922 [main] INFO  com.alibaba.druid.pool.DruidDataSource  - {dataSource-1} inited 
[2017-03-25 20:52:44,435] 3454 [main] INFO  org.springframework.web.servlet.mvc.method.annotation.RequestMappingHandlerMapping  - Mapped "{[/handleLog/list],methods=[],params=[],headers=[],consumes=[],produces=[],custom=[]}" onto public net.sf.json.JSONObject com.blossom.site.log.controller.HandleLogController.listHandleLog(javax.servlet.http.HttpServletResponse,javax.servlet.http.HttpServletRequest) 
[2017-03-25 20:52:44,435] 3454 [main] INFO  org.springframework.web.servlet.mvc.method.annotation.RequestMappingHandlerMapping  - Mapped "{[/systemLog/list],methods=[],params=[],headers=[],consumes=[],produces=[],custom=[]}" onto public net.sf.json.JSONObject com.blossom.site.log.controller.SystemLogController.listSystemLog(javax.servlet.http.HttpServletRequest,javax.servlet.http.HttpServletResponse) 
[2017-03-25 20:52:44,435] 3454 [main] INFO  org.springframework.web.servlet.mvc.method.annotation.RequestMappingHandlerMapping  - Mapped "{[/visitLog/list],methods=[],params=[],headers=[],consumes=[],produces=[],custom=[]}" onto public net.sf.json.JSONObject com.blossom.site.log.controller.VisitLogController.listVisitLog(javax.servlet.http.HttpServletRequest,javax.servlet.http.HttpServletResponse) 
[2017-03-25 20:52:44,497] 3516 [main] INFO  org.hibernate.validator.internal.util.Version  - HV000001: Hibernate Validator 5.1.1.Final 
[2017-03-25 20:52:45,200] 4219 [main] INFO  org.springframework.web.servlet.mvc.annotation.DefaultAnnotationHandlerMapping  - Mapped URL path [/handleLog/list] onto handler 'handleLogController' 
[2017-03-25 20:52:45,200] 4219 [main] INFO  org.springframework.web.servlet.mvc.annotation.DefaultAnnotationHandlerMapping  - Mapped URL path [/handleLog/list.*] onto handler 'handleLogController' 
[2017-03-25 20:52:45,200] 4219 [main] INFO  org.springframework.web.servlet.mvc.annotation.DefaultAnnotationHandlerMapping  - Mapped URL path [/handleLog/list/] onto handler 'handleLogController' 
[2017-03-25 20:52:45,247] 4266 [main] INFO  org.springframework.web.servlet.mvc.annotation.DefaultAnnotationHandlerMapping  - Mapped URL path [/systemLog/list] onto handler 'systemLogController' 
[2017-03-25 20:52:45,247] 4266 [main] INFO  org.springframework.web.servlet.mvc.annotation.DefaultAnnotationHandlerMapping  - Mapped URL path [/systemLog/list.*] onto handler 'systemLogController' 
[2017-03-25 20:52:45,247] 4266 [main] INFO  org.springframework.web.servlet.mvc.annotation.DefaultAnnotationHandlerMapping  - Mapped URL path [/systemLog/list/] onto handler 'systemLogController' 
[2017-03-25 20:52:45,294] 4313 [main] INFO  org.springframework.web.servlet.mvc.annotation.DefaultAnnotationHandlerMapping  - Mapped URL path [/visitLog/list] onto handler 'visitLogController' 
[2017-03-25 20:52:45,294] 4313 [main] INFO  org.springframework.web.servlet.mvc.annotation.DefaultAnnotationHandlerMapping  - Mapped URL path [/visitLog/list.*] onto handler 'visitLogController' 
[2017-03-25 20:52:45,294] 4313 [main] INFO  org.springframework.web.servlet.mvc.annotation.DefaultAnnotationHandlerMapping  - Mapped URL path [/visitLog/list/] onto handler 'visitLogController' 
[2017-03-25 21:04:02,503] 0    [main] INFO  org.springframework.context.support.ClassPathXmlApplicationContext  - Refreshing org.springframework.context.support.ClassPathXmlApplicationContext@16532d6: startup date [Sat Mar 25 21:04:02 CST 2017]; root of context hierarchy 
[2017-03-25 21:04:02,550] 47   [main] INFO  org.springframework.beans.factory.xml.XmlBeanDefinitionReader  - Loading XML bean definitions from class path resource [spring-mybatis.xml] 
[2017-03-25 21:04:03,104] 601  [main] INFO  org.springframework.beans.factory.xml.XmlBeanDefinitionReader  - Loading XML bean definitions from class path resource [spring.xml] 
[2017-03-25 21:04:03,280] 777  [main] INFO  org.springframework.beans.factory.xml.XmlBeanDefinitionReader  - Loading XML bean definitions from class path resource [spring-mvc.xml] 
[2017-03-25 21:04:03,738] 1235 [main] WARN  org.mybatis.spring.mapper.ClassPathMapperScanner  - Skipping MapperFactoryBean with name 'handleLogMapper' and 'com.blossom.site.log.mapper.HandleLogMapper' mapperInterface. Bean already defined with the same name! 
[2017-03-25 21:04:03,738] 1235 [main] WARN  org.mybatis.spring.mapper.ClassPathMapperScanner  - Skipping MapperFactoryBean with name 'systemLogMapper' and 'com.blossom.site.log.mapper.SystemLogMapper' mapperInterface. Bean already defined with the same name! 
[2017-03-25 21:04:03,738] 1235 [main] WARN  org.mybatis.spring.mapper.ClassPathMapperScanner  - Skipping MapperFactoryBean with name 'visitLogMapper' and 'com.blossom.site.log.mapper.VisitLogMapper' mapperInterface. Bean already defined with the same name! 
[2017-03-25 21:04:03,756] 1253 [main] INFO  org.springframework.context.support.PropertySourcesPlaceholderConfigurer  - Loading properties file from class path resource [application.properties] 
[2017-03-25 21:04:03,763] 1260 [main] INFO  org.springframework.context.support.PropertySourcesPlaceholderConfigurer  - Loading properties file from class path resource [application.properties] 
[2017-03-25 21:04:03,765] 1262 [main] INFO  org.springframework.context.support.PropertySourcesPlaceholderConfigurer  - Loading properties file from class path resource [application.properties] 
[2017-03-25 21:04:04,588] 2085 [main] INFO  com.alibaba.druid.pool.DruidDataSource  - {dataSource-1} inited 
[2017-03-25 21:04:06,442] 3939 [main] INFO  org.springframework.cache.ehcache.EhCacheManagerFactoryBean  - Initializing EhCache CacheManager 
[2017-03-25 21:04:07,905] 5402 [main] INFO  org.springframework.web.servlet.mvc.method.annotation.RequestMappingHandlerMapping  - Mapped "{[/handleLog/list],methods=[],params=[],headers=[],consumes=[],produces=[],custom=[]}" onto public net.sf.json.JSONObject com.blossom.site.log.controller.HandleLogController.listHandleLog(javax.servlet.http.HttpServletResponse,javax.servlet.http.HttpServletRequest) 
[2017-03-25 21:04:07,905] 5402 [main] INFO  org.springframework.web.servlet.mvc.method.annotation.RequestMappingHandlerMapping  - Mapped "{[/systemLog/list],methods=[],params=[],headers=[],consumes=[],produces=[],custom=[]}" onto public net.sf.json.JSONObject com.blossom.site.log.controller.SystemLogController.listSystemLog(javax.servlet.http.HttpServletRequest,javax.servlet.http.HttpServletResponse) 
[2017-03-25 21:04:07,905] 5402 [main] INFO  org.springframework.web.servlet.mvc.method.annotation.RequestMappingHandlerMapping  - Mapped "{[/visitLog/list],methods=[],params=[],headers=[],consumes=[],produces=[],custom=[]}" onto public net.sf.json.JSONObject com.blossom.site.log.controller.VisitLogController.listVisitLog(javax.servlet.http.HttpServletRequest,javax.servlet.http.HttpServletResponse) 
[2017-03-25 21:04:07,967] 5464 [main] INFO  org.hibernate.validator.internal.util.Version  - HV000001: Hibernate Validator 5.1.1.Final 
[2017-03-25 21:04:08,516] 6013 [main] INFO  org.springframework.web.servlet.mvc.annotation.DefaultAnnotationHandlerMapping  - Mapped URL path [/handleLog/list] onto handler 'handleLogController' 
[2017-03-25 21:04:08,516] 6013 [main] INFO  org.springframework.web.servlet.mvc.annotation.DefaultAnnotationHandlerMapping  - Mapped URL path [/handleLog/list.*] onto handler 'handleLogController' 
[2017-03-25 21:04:08,516] 6013 [main] INFO  org.springframework.web.servlet.mvc.annotation.DefaultAnnotationHandlerMapping  - Mapped URL path [/handleLog/list/] onto handler 'handleLogController' 
[2017-03-25 21:04:08,516] 6013 [main] INFO  org.springframework.web.servlet.mvc.annotation.DefaultAnnotationHandlerMapping  - Mapped URL path [/systemLog/list] onto handler 'systemLogController' 
[2017-03-25 21:04:08,516] 6013 [main] INFO  org.springframework.web.servlet.mvc.annotation.DefaultAnnotationHandlerMapping  - Mapped URL path [/systemLog/list.*] onto handler 'systemLogController' 
[2017-03-25 21:04:08,516] 6013 [main] INFO  org.springframework.web.servlet.mvc.annotation.DefaultAnnotationHandlerMapping  - Mapped URL path [/systemLog/list/] onto handler 'systemLogController' 
[2017-03-25 21:04:08,516] 6013 [main] INFO  org.springframework.web.servlet.mvc.annotation.DefaultAnnotationHandlerMapping  - Mapped URL path [/visitLog/list] onto handler 'visitLogController' 
[2017-03-25 21:04:08,516] 6013 [main] INFO  org.springframework.web.servlet.mvc.annotation.DefaultAnnotationHandlerMapping  - Mapped URL path [/visitLog/list.*] onto handler 'visitLogController' 
[2017-03-25 21:04:08,516] 6013 [main] INFO  org.springframework.web.servlet.mvc.annotation.DefaultAnnotationHandlerMapping  - Mapped URL path [/visitLog/list/] onto handler 'visitLogController' 
